
  .output.txt:35:  â¨¯ correct password must be provided to delete account
             0.07s
  .output.txt:36:  â”€â”€â”€â”€â”€â”€â”€â”€â”€â”€â”€â”€â”€â”€â”€â”€â”€â”€â”€â”€
â”€â”€â”€â”€â”€â”€â”€â”€â”€â”€â”€â”€â”€â”€â”€â”€â”€â”€â”€â”€â”€â”€â”€â”€â”€â”€â
”€â”€â”€â”€â”€â”€â”€â”€â”€â”€â”€â”€â”€â”€â”€â”€â”€â”€â”€â”€â”€â”€â”€â”€â”€â”€â”
€â”€â”€â”€
> .output.txt:37:   FAILED  Tests\Feature\Auth\AuthenticationTest > users
canâ€¦  QueryException
  .output.txt:38:  SQLSTATE[HY000]: General error: 1 table users has no column
named name (Connection: sqlite, Database: :memory:, SQL: insert into "users"
("name", "email", "email_verified_at", "password", "remember_token",
"updated_at", "created_at") values (Payton Osinski,
greenholt.amani@example.org, 2026-02-13 08:05:17,
$2y$04$ilYU3IYdxs/8PW.sBpVmt.yUYyD248bXEq5k9sOmBeRayJWak.oua, NVlShWYDNY,
2026-02-13 08:05:17, 2026-02-13 08:05:17))
  .output.txt:39:  at
vendor\laravel\framework\src\Illuminate\Database\Connection.php:578
  .output.txt:40:    574â–•             if ($this->pretending()) {
  .output.txt:41:    575â–•                 return true;
  .output.txt:42:    576â–•             }
  .output.txt:43:    577â–•
  .output.txt:44:  âžœ 578â–•             $statement =
$this->getPdo()->prepare($query);
  .output.txt:45:    579â–•
  .output.txt:46:    580â–•             $this->bindValues($statement,
$this->prepareBindings($bindings));
  .output.txt:47:    581â–•
  .output.txt:50:  2
vendor\laravel\framework\src\Illuminate\Database\Connection.php:827
  .output.txt:51:  â”€â”€â”€â”€â”€â”€â”€â”€â”€â”€â”€â”€â”€â”€â”€â”€â”€â”€â”€â”€
â”€â”€â”€â”€â”€â”€â”€â”€â”€â”€â”€â”€â”€â”€â”€â”€â”€â”€â”€â”€â”€â”€â”€â”€â”€â”€â
”€â”€â”€â”€â”€â”€â”€â”€â”€â”€â”€â”€â”€â”€â”€â”€â”€â”€â”€â”€â”€â”€â”€â”€â”€â”€â”
€â”€â”€â”€
> .output.txt:52:   FAILED  Tests\Feature\Auth\AuthenticationTest > users
canâ€¦  QueryException
  .output.txt:53:  SQLSTATE[HY000]: General error: 1 table users has no column
named name (Connection: sqlite, Database: :memory:, SQL: insert into "users"
("name", "email", "email_verified_at", "password", "remember_token",
"updated_at", "created_at") values (Rashawn Rippin DDS, aokeefe@example.com,
2026-02-13 08:05:17,
$2y$04$ilYU3IYdxs/8PW.sBpVmt.yUYyD248bXEq5k9sOmBeRayJWak.oua, U69oSPKVqS,
2026-02-13 08:05:17, 2026-02-13 08:05:17))
  .output.txt:54:  at
vendor\laravel\framework\src\Illuminate\Database\Connection.php:578
  .output.txt:55:    574â–•             if ($this->pretending()) {
  .output.txt:56:    575â–•                 return true;
  .output.txt:57:    576â–•             }
  .output.txt:58:    577â–•
  .output.txt:59:  âžœ 578â–•             $statement =
$this->getPdo()->prepare($query);
  .output.txt:60:    579â–•
  .output.txt:61:    580â–•             $this->bindValues($statement,
$this->prepareBindings($bindings));
  .output.txt:62:    581â–•
  .output.txt:65:  2
vendor\laravel\framework\src\Illuminate\Database\Connection.php:827
  .output.txt:66:  â”€â”€â”€â”€â”€â”€â”€â”€â”€â”€â”€â”€â”€â”€â”€â”€â”€â”€â”€â”€
â”€â”€â”€â”€â”€â”€â”€â”€â”€â”€â”€â”€â”€â”€â”€â”€â”€â”€â”€â”€â”€â”€â”€â”€â”€â”€â
”€â”€â”€â”€â”€â”€â”€â”€â”€â”€â”€â”€â”€â”€â”€â”€â”€â”€â”€â”€â”€â”€â”€â”€â”€â”€â”
€â”€â”€â”€
> .output.txt:67:   FAILED  Tests\Feature\Auth\AuthenticationTest > users
canâ€¦  QueryException
  .output.txt:68:  SQLSTATE[HY000]: General error: 1 table users has no column
named name (Connection: sqlite, Database: :memory:, SQL: insert into "users"
("name", "email", "email_verified_at", "password", "remember_token",
"updated_at", "created_at") values (Eileen Jacobi, josefa92@example.net,
2026-02-13 08:05:17,
$2y$04$ilYU3IYdxs/8PW.sBpVmt.yUYyD248bXEq5k9sOmBeRayJWak.oua, ML6ERhFLDd,
2026-02-13 08:05:17, 2026-02-13 08:05:17))
  .output.txt:69:  at
vendor\laravel\framework\src\Illuminate\Database\Connection.php:578
  .output.txt:70:    574â–•             if ($this->pretending()) {
  .output.txt:71:    575â–•                 return true;
  .output.txt:72:    576â–•             }
  .output.txt:73:    577â–•
  .output.txt:74:  âžœ 578â–•             $statement =
$this->getPdo()->prepare($query);
  .output.txt:75:    579â–•
  .output.txt:76:    580â–•             $this->bindValues($statement,
$this->prepareBindings($bindings));
  .output.txt:77:    581â–•
  .output.txt:80:  2
vendor\laravel\framework\src\Illuminate\Database\Connection.php:827
  .output.txt:81:  â”€â”€â”€â”€â”€â”€â”€â”€â”€â”€â”€â”€â”€â”€â”€â”€â”€â”€â”€â”€
â”€â”€â”€â”€â”€â”€â”€â”€â”€â”€â”€â”€â”€â”€â”€â”€â”€â”€â”€â”€â”€â”€â”€â”€â”€â”€â
”€â”€â”€â”€â”€â”€â”€â”€â”€â”€â”€â”€â”€â”€â”€â”€â”€â”€â”€â”€â”€â”€â”€â”€â”€â”€â”
€â”€â”€â”€
> .output.txt:82:   FAILED  Tests\Feature\Auth\EmailVerificationTest >
emailâ€¦   QueryException
  .output.txt:83:  SQLSTATE[HY000]: General error: 1 table users has no column
named name (Connection: sqlite, Database: :memory:, SQL: insert into "users"
("name", "email", "email_verified_at", "password", "remember_token",
"updated_at", "created_at") values (Jewell Watsica, mossie07@example.com, ?,
$2y$04$ilYU3IYdxs/8PW.sBpVmt.yUYyD248bXEq5k9sOmBeRayJWak.oua, xW7elWBgsW,
2026-02-13 08:05:18, 2026-02-13 08:05:18))
  .output.txt:84:  at
vendor\laravel\framework\src\Illuminate\Database\Connection.php:578
  .output.txt:85:    574â–•             if ($this->pretending()) {
  .output.txt:86:    575â–•                 return true;
  .output.txt:87:    576â–•             }
  .output.txt:88:    577â–•
  .output.txt:89:  âžœ 578â–•             $statement =
$this->getPdo()->prepare($query);
  .output.txt:90:    579â–•
  .output.txt:91:    580â–•             $this->bindValues($statement,
$this->prepareBindings($bindings));
  .output.txt:92:    581â–•
  .output.txt:95:  2
vendor\laravel\framework\src\Illuminate\Database\Connection.php:827
  .output.txt:96:  â”€â”€â”€â”€â”€â”€â”€â”€â”€â”€â”€â”€â”€â”€â”€â”€â”€â”€â”€â”€
â”€â”€â”€â”€â”€â”€â”€â”€â”€â”€â”€â”€â”€â”€â”€â”€â”€â”€â”€â”€â”€â”€â”€â”€â”€â”€â
”€â”€â”€â”€â”€â”€â”€â”€â”€â”€â”€â”€â”€â”€â”€â”€â”€â”€â”€â”€â”€â”€â”€â”€â”€â”€â”
€â”€â”€â”€
> .output.txt:97:   FAILED  Tests\Feature\Auth\EmailVerificationTest >
emailâ€¦   QueryException
  .output.txt:98:  SQLSTATE[HY000]: General error: 1 table users has no column
named name (Connection: sqlite, Database: :memory:, SQL: insert into "users"
("name", "email", "email_verified_at", "password", "remember_token",
"updated_at", "created_at") values (Emory Zemlak, jrau@example.net, ?,
$2y$04$ilYU3IYdxs/8PW.sBpVmt.yUYyD248bXEq5k9sOmBeRayJWak.oua, nL3ZMtoe9A,
2026-02-13 08:05:18, 2026-02-13 08:05:18))
  .output.txt:99:  at
vendor\laravel\framework\src\Illuminate\Database\Connection.php:578
  .output.txt:100:    574â–•             if ($this->pretending()) {
  .output.txt:101:    575â–•                 return true;
  .output.txt:102:    576â–•             }
  .output.txt:103:    577â–•
  .output.txt:104:  âžœ 578â–•             $statement =
$this->getPdo()->prepare($query);
  .output.txt:105:    579â–•
  .output.txt:106:    580â–•             $this->bindValues($statement,
$this->prepareBindings($bindings));
  .output.txt:107:    581â–•
  .output.txt:110:  2
vendor\laravel\framework\src\Illuminate\Database\Connection.php:827
  .output.txt:111:  â”€â”€â”€â”€â”€â”€â”€â”€â”€â”€â”€â”€â”€â”€â”€â”€â”€â”€â”€â”
€â”€â”€â”€â”€â”€â”€â”€â”€â”€â”€â”€â”€â”€â”€â”€â”€â”€â”€â”€â”€â”€â”€â”€â”€â”€â”€
â”€â”€â”€â”€â”€â”€â”€â”€â”€â”€â”€â”€â”€â”€â”€â”€â”€â”€â”€â”€â”€â”€â”€â”€â”€â”€â
”€â”€â”€â”€
> .output.txt:112:   FAILED  Tests\Feature\Auth\EmailVerificationTest >
emailâ€¦   QueryException
  .output.txt:113:  SQLSTATE[HY000]: General error: 1 table users has no
column named name (Connection: sqlite, Database: :memory:, SQL: insert into
"users" ("name", "email", "email_verified_at", "password", "remember_token",
"updated_at", "created_at") values (Prof. Shania Blanda,
velma.boyle@example.com, ?,
$2y$04$ilYU3IYdxs/8PW.sBpVmt.yUYyD248bXEq5k9sOmBeRayJWak.oua, 5HHudPMuV6,
2026-02-13 08:05:18, 2026-02-13 08:05:18))
  .output.txt:114:  at
vendor\laravel\framework\src\Illuminate\Database\Connection.php:578
  .output.txt:115:    574â–•             if ($this->pretending()) {
  .output.txt:116:    575â–•                 return true;
  .output.txt:117:    576â–•             }
  .output.txt:118:    577â–•
  .output.txt:119:  âžœ 578â–•             $statement =
$this->getPdo()->prepare($query);
  .output.txt:120:    579â–•
  .output.txt:121:    580â–•             $this->bindValues($statement,
$this->prepareBindings($bindings));
  .output.txt:122:    581â–•
  .output.txt:125:  2
vendor\laravel\framework\src\Illuminate\Database\Connection.php:827
  .output.txt:126:  â”€â”€â”€â”€â”€â”€â”€â”€â”€â”€â”€â”€â”€â”€â”€â”€â”€â”€â”€â”
€â”€â”€â”€â”€â”€â”€â”€â”€â”€â”€â”€â”€â”€â”€â”€â”€â”€â”€â”€â”€â”€â”€â”€â”€â”€â”€
â”€â”€â”€â”€â”€â”€â”€â”€â”€â”€â”€â”€â”€â”€â”€â”€â”€â”€â”€â”€â”€â”€â”€â”€â”€â”€â
”€â”€â”€â”€
> .output.txt:127:   FAILED  Tests\Feature\Auth\PasswordConfirmationTest >
conâ€¦  QueryException
  .output.txt:128:  SQLSTATE[HY000]: General error: 1 table users has no
column named name (Connection: sqlite, Database: :memory:, SQL: insert into
"users" ("name", "email", "email_verified_at", "password", "remember_token",
"updated_at", "created_at") values (Prof. Floyd Koelpin DVM,
spencer.judson@example.org, 2026-02-13 08:05:18,
$2y$04$ilYU3IYdxs/8PW.sBpVmt.yUYyD248bXEq5k9sOmBeRayJWak.oua, 0mYvwwzZCm,
2026-02-13 08:05:18, 2026-02-13 08:05:18))
  .output.txt:129:  at
vendor\laravel\framework\src\Illuminate\Database\Connection.php:578
  .output.txt:130:    574â–•             if ($this->pretending()) {
  .output.txt:131:    575â–•                 return true;
  .output.txt:132:    576â–•             }
  .output.txt:133:    577â–•
  .output.txt:134:  âžœ 578â–•             $statement =
$this->getPdo()->prepare($query);
  .output.txt:135:    579â–•
  .output.txt:136:    580â–•             $this->bindValues($statement,
$this->prepareBindings($bindings));
  .output.txt:137:    581â–•
  .output.txt:140:  2
vendor\laravel\framework\src\Illuminate\Database\Connection.php:827
  .output.txt:141:  â”€â”€â”€â”€â”€â”€â”€â”€â”€â”€â”€â”€â”€â”€â”€â”€â”€â”€â”€â”
€â”€â”€â”€â”€â”€â”€â”€â”€â”€â”€â”€â”€â”€â”€â”€â”€â”€â”€â”€â”€â”€â”€â”€â”€â”€â”€
â”€â”€â”€â”€â”€â”€â”€â”€â”€â”€â”€â”€â”€â”€â”€â”€â”€â”€â”€â”€â”€â”€â”€â”€â”€â”€â
”€â”€â”€â”€
> .output.txt:142:   FAILED  Tests\Feature\Auth\PasswordConfirmationTest >
pasâ€¦  QueryException
  .output.txt:143:  SQLSTATE[HY000]: General error: 1 table users has no
column named name (Connection: sqlite, Database: :memory:, SQL: insert into
"users" ("name", "email", "email_verified_at", "password", "remember_token",
"updated_at", "created_at") values (Cecelia Breitenberg,
bosco.garett@example.net, 2026-02-13 08:05:18,
$2y$04$ilYU3IYdxs/8PW.sBpVmt.yUYyD248bXEq5k9sOmBeRayJWak.oua, fFwlyh5OR9,
2026-02-13 08:05:18, 2026-02-13 08:05:18))
  .output.txt:144:  at
vendor\laravel\framework\src\Illuminate\Database\Connection.php:578
  .output.txt:145:    574â–•             if ($this->pretending()) {
  .output.txt:146:    575â–•                 return true;
  .output.txt:147:    576â–•             }
  .output.txt:148:    577â–•
  .output.txt:149:  âžœ 578â–•             $statement =
$this->getPdo()->prepare($query);
  .output.txt:150:    579â–•
  .output.txt:151:    580â–•             $this->bindValues($statement,
$this->prepareBindings($bindings));
  .output.txt:152:    581â–•
  .output.txt:155:  2
vendor\laravel\framework\src\Illuminate\Database\Connection.php:827
  .output.txt:156:  â”€â”€â”€â”€â”€â”€â”€â”€â”€â”€â”€â”€â”€â”€â”€â”€â”€â”€â”€â”
€â”€â”€â”€â”€â”€â”€â”€â”€â”€â”€â”€â”€â”€â”€â”€â”€â”€â”€â”€â”€â”€â”€â”€â”€â”€â”€
â”€â”€â”€â”€â”€â”€â”€â”€â”€â”€â”€â”€â”€â”€â”€â”€â”€â”€â”€â”€â”€â”€â”€â”€â”€â”€â
”€â”€â”€â”€
> .output.txt:157:   FAILED  Tests\Feature\Auth\PasswordConfirmationTest >
pasâ€¦  QueryException
  .output.txt:158:  SQLSTATE[HY000]: General error: 1 table users has no
column named name (Connection: sqlite, Database: :memory:, SQL: insert into
"users" ("name", "email", "email_verified_at", "password", "remember_token",
"updated_at", "created_at") values (Vincenzo Greenholt, chegmann@example.net,
2026-02-13 08:05:18,
$2y$04$ilYU3IYdxs/8PW.sBpVmt.yUYyD248bXEq5k9sOmBeRayJWak.oua, djlNAXJG60,
2026-02-13 08:05:18, 2026-02-13 08:05:18))
  .output.txt:159:  at
vendor\laravel\framework\src\Illuminate\Database\Connection.php:578
  .output.txt:160:    574â–•             if ($this->pretending()) {
  .output.txt:161:    575â–•                 return true;
  .output.txt:162:    576â–•             }
  .output.txt:163:    577â–•
  .output.txt:164:  âžœ 578â–•             $statement =
$this->getPdo()->prepare($query);
  .output.txt:165:    579â–•
  .output.txt:166:    580â–•             $this->bindValues($statement,
$this->prepareBindings($bindings));
  .output.txt:167:    581â–•
  .output.txt:170:  2
vendor\laravel\framework\src\Illuminate\Database\Connection.php:827
  .output.txt:171:  â”€â”€â”€â”€â”€â”€â”€â”€â”€â”€â”€â”€â”€â”€â”€â”€â”€â”€â”€â”
€â”€â”€â”€â”€â”€â”€â”€â”€â”€â”€â”€â”€â”€â”€â”€â”€â”€â”€â”€â”€â”€â”€â”€â”€â”€â”€
â”€â”€â”€â”€â”€â”€â”€â”€â”€â”€â”€â”€â”€â”€â”€â”€â”€â”€â”€â”€â”€â”€â”€â”€â”€â”€â
”€â”€â”€â”€
> .output.txt:172:   FAILED  Tests\Feature\Auth\PasswordResetTest > reset
passâ€¦  QueryException
  .output.txt:173:  SQLSTATE[HY000]: General error: 1 table users has no
column named name (Connection: sqlite, Database: :memory:, SQL: insert into
"users" ("name", "email", "email_verified_at", "password", "remember_token",
"updated_at", "created_at") values (Juanita Larkin, lkuhic@example.org,
2026-02-13 08:05:18,
$2y$04$ilYU3IYdxs/8PW.sBpVmt.yUYyD248bXEq5k9sOmBeRayJWak.oua, rXaIt1pnhW,
2026-02-13 08:05:18, 2026-02-13 08:05:18))
  .output.txt:174:  at
vendor\laravel\framework\src\Illuminate\Database\Connection.php:578
  .output.txt:175:    574â–•             if ($this->pretending()) {
  .output.txt:176:    575â–•                 return true;
  .output.txt:177:    576â–•             }
  .output.txt:178:    577â–•
  .output.txt:179:  âžœ 578â–•             $statement =
$this->getPdo()->prepare($query);
  .output.txt:180:    579â–•
  .output.txt:181:    580â–•             $this->bindValues($statement,
$this->prepareBindings($bindings));
  .output.txt:182:    581â–•
  .output.txt:185:  2
vendor\laravel\framework\src\Illuminate\Database\Connection.php:827
  .output.txt:186:  â”€â”€â”€â”€â”€â”€â”€â”€â”€â”€â”€â”€â”€â”€â”€â”€â”€â”€â”€â”
€â”€â”€â”€â”€â”€â”€â”€â”€â”€â”€â”€â”€â”€â”€â”€â”€â”€â”€â”€â”€â”€â”€â”€â”€â”€â”€
â”€â”€â”€â”€â”€â”€â”€â”€â”€â”€â”€â”€â”€â”€â”€â”€â”€â”€â”€â”€â”€â”€â”€â”€â”€â”€â
”€â”€â”€â”€
> .output.txt:187:   FAILED  Tests\Feature\Auth\PasswordResetTest > reset
passâ€¦  QueryException
  .output.txt:188:  SQLSTATE[HY000]: General error: 1 table users has no
column named name (Connection: sqlite, Database: :memory:, SQL: insert into
"users" ("name", "email", "email_verified_at", "password", "remember_token",
"updated_at", "created_at") values (Mr. Antwan Powlowski Jr.,
vschiller@example.net, 2026-02-13 08:05:18,
$2y$04$ilYU3IYdxs/8PW.sBpVmt.yUYyD248bXEq5k9sOmBeRayJWak.oua, Hrvv9NkJRs,
2026-02-13 08:05:18, 2026-02-13 08:05:18))
  .output.txt:189:  at
vendor\laravel\framework\src\Illuminate\Database\Connection.php:578
  .output.txt:190:    574â–•             if ($this->pretending()) {
  .output.txt:191:    575â–•                 return true;
  .output.txt:192:    576â–•             }
  .output.txt:193:    577â–•
  .output.txt:194:  âžœ 578â–•             $statement =
$this->getPdo()->prepare($query);
  .output.txt:195:    579â–•
  .output.txt:196:    580â–•             $this->bindValues($statement,
$this->prepareBindings($bindings));
  .output.txt:197:    581â–•
  .output.txt:200:  2
vendor\laravel\framework\src\Illuminate\Database\Connection.php:827
  .output.txt:201:  â”€â”€â”€â”€â”€â”€â”€â”€â”€â”€â”€â”€â”€â”€â”€â”€â”€â”€â”€â”
€â”€â”€â”€â”€â”€â”€â”€â”€â”€â”€â”€â”€â”€â”€â”€â”€â”€â”€â”€â”€â”€â”€â”€â”€â”€â”€
â”€â”€â”€â”€â”€â”€â”€â”€â”€â”€â”€â”€â”€â”€â”€â”€â”€â”€â”€â”€â”€â”€â”€â”€â”€â”€â
”€â”€â”€â”€
> .output.txt:202:   FAILED  Tests\Feature\Auth\PasswordResetTest > password
câ€¦  QueryException
  .output.txt:203:  SQLSTATE[HY000]: General error: 1 table users has no
column named name (Connection: sqlite, Database: :memory:, SQL: insert into
"users" ("name", "email", "email_verified_at", "password", "remember_token",
"updated_at", "created_at") values (Prof. Lon Shields,
haag.rollin@example.org, 2026-02-13 08:05:18,
$2y$04$ilYU3IYdxs/8PW.sBpVmt.yUYyD248bXEq5k9sOmBeRayJWak.oua, 4yyVUs27DF,
2026-02-13 08:05:18, 2026-02-13 08:05:18))
  .output.txt:204:  at
vendor\laravel\framework\src\Illuminate\Database\Connection.php:578
  .output.txt:205:    574â–•             if ($this->pretending()) {
  .output.txt:206:    575â–•                 return true;
  .output.txt:207:    576â–•             }
  .output.txt:208:    577â–•
  .output.txt:209:  âžœ 578â–•             $statement =
$this->getPdo()->prepare($query);
  .output.txt:210:    579â–•
  .output.txt:211:    580â–•             $this->bindValues($statement,
$this->prepareBindings($bindings));
  .output.txt:212:    581â–•
  .output.txt:215:  2
vendor\laravel\framework\src\Illuminate\Database\Connection.php:827
  .output.txt:216:  â”€â”€â”€â”€â”€â”€â”€â”€â”€â”€â”€â”€â”€â”€â”€â”€â”€â”€â”€â”
€â”€â”€â”€â”€â”€â”€â”€â”€â”€â”€â”€â”€â”€â”€â”€â”€â”€â”€â”€â”€â”€â”€â”€â”€â”€â”€
â”€â”€â”€â”€â”€â”€â”€â”€â”€â”€â”€â”€â”€â”€â”€â”€â”€â”€â”€â”€â”€â”€â”€â”€â”€â”€â
”€â”€â”€â”€
> .output.txt:217:   FAILED  Tests\Feature\Auth\PasswordUpdateTest >
passwordâ€¦   QueryException
  .output.txt:218:  SQLSTATE[HY000]: General error: 1 table users has no
column named name (Connection: sqlite, Database: :memory:, SQL: insert into
"users" ("name", "email", "email_verified_at", "password", "remember_token",
"updated_at", "created_at") values (Corrine Grady IV,
ondricka.rosie@example.net, 2026-02-13 08:05:18,
$2y$04$ilYU3IYdxs/8PW.sBpVmt.yUYyD248bXEq5k9sOmBeRayJWak.oua, 8sAQPEXXJw,
2026-02-13 08:05:18, 2026-02-13 08:05:18))
  .output.txt:219:  at
vendor\laravel\framework\src\Illuminate\Database\Connection.php:578
  .output.txt:220:    574â–•             if ($this->pretending()) {
  .output.txt:221:    575â–•                 return true;
  .output.txt:222:    576â–•             }
  .output.txt:223:    577â–•
  .output.txt:224:  âžœ 578â–•             $statement =
$this->getPdo()->prepare($query);
  .output.txt:225:    579â–•
  .output.txt:226:    580â–•             $this->bindValues($statement,
$this->prepareBindings($bindings));
  .output.txt:227:    581â–•
  .output.txt:230:  2
vendor\laravel\framework\src\Illuminate\Database\Connection.php:827
  .output.txt:231:  â”€â”€â”€â”€â”€â”€â”€â”€â”€â”€â”€â”€â”€â”€â”€â”€â”€â”€â”€â”
€â”€â”€â”€â”€â”€â”€â”€â”€â”€â”€â”€â”€â”€â”€â”€â”€â”€â”€â”€â”€â”€â”€â”€â”€â”€â”€
â”€â”€â”€â”€â”€â”€â”€â”€â”€â”€â”€â”€â”€â”€â”€â”€â”€â”€â”€â”€â”€â”€â”€â”€â”€â”€â
”€â”€â”€â”€
> .output.txt:232:   FAILED  Tests\Feature\Auth\PasswordUpdateTest > correct
pâ€¦  QueryException
  .output.txt:233:  SQLSTATE[HY000]: General error: 1 table users has no
column named name (Connection: sqlite, Database: :memory:, SQL: insert into
"users" ("name", "email", "email_verified_at", "password", "remember_token",
"updated_at", "created_at") values (Cole Kunde Jr., ssmitham@example.net,
2026-02-13 08:05:18,
$2y$04$ilYU3IYdxs/8PW.sBpVmt.yUYyD248bXEq5k9sOmBeRayJWak.oua, 8hxRts0vVV,
2026-02-13 08:05:18, 2026-02-13 08:05:18))
  .output.txt:234:  at
vendor\laravel\framework\src\Illuminate\Database\Connection.php:578
  .output.txt:235:    574â–•             if ($this->pretending()) {
  .output.txt:236:    575â–•                 return true;
  .output.txt:237:    576â–•             }
  .output.txt:238:    577â–•
  .output.txt:239:  âžœ 578â–•             $statement =
$this->getPdo()->prepare($query);
  .output.txt:240:    579â–•
  .output.txt:241:    580â–•             $this->bindValues($statement,
$this->prepareBindings($bindings));
  .output.txt:242:    581â–•
  .output.txt:245:  2
vendor\laravel\framework\src\Illuminate\Database\Connection.php:827
  .output.txt:246:  â”€â”€â”€â”€â”€â”€â”€â”€â”€â”€â”€â”€â”€â”€â”€â”€â”€â”€â”€â”
€â”€â”€â”€â”€â”€â”€â”€â”€â”€â”€â”€â”€â”€â”€â”€â”€â”€â”€â”€â”€â”€â”€â”€â”€â”€â”€
â”€â”€â”€â”€â”€â”€â”€â”€â”€â”€â”€â”€â”€â”€â”€â”€â”€â”€â”€â”€â”€â”€â”€â”€â”€â”€â
”€â”€â”€â”€
> .output.txt:247:   FAILED  Tests\Feature\Auth\RegistrationTest > new users
can register
  .output.txt:248:  The user is not authenticated
> .output.txt:249:Failed asserting that false is true.
  .output.txt:250:  at tests\Feature\Auth\RegistrationTest.php:17
  .output.txt:251:     13â–•         'password' => 'password',
  .output.txt:252:     14â–•         'password_confirmation' => 'password',
  .output.txt:253:     15â–•     ]);
  .output.txt:254:     16â–•
  .output.txt:255:  âžœ  17â–•     $this->assertAuthenticated();
  .output.txt:256:     18â–•     $response->assertRedirect(route('dashboard',
absolute: false));
  .output.txt:257:     19â–• });
  .output.txt:258:     20â–•
  .output.txt:259:  â”€â”€â”€â”€â”€â”€â”€â”€â”€â”€â”€â”€â”€â”€â”€â”€â”€â”€â”€â”
€â”€â”€â”€â”€â”€â”€â”€â”€â”€â”€â”€â”€â”€â”€â”€â”€â”€â”€â”€â”€â”€â”€â”€â”€â”€â”€
â”€â”€â”€â”€â”€â”€â”€â”€â”€â”€â”€â”€â”€â”€â”€â”€â”€â”€â”€â”€â”€â”€â”€â”€â”€â”€â
”€â”€â”€â”€
> .output.txt:260:   FAILED  Tests\Feature\ProfileTest > profile page is
displâ€¦  QueryException
  .output.txt:261:  SQLSTATE[HY000]: General error: 1 table users has no
column named name (Connection: sqlite, Database: :memory:, SQL: insert into
"users" ("name", "email", "email_verified_at", "password", "remember_token",
"updated_at", "created_at") values (Ms. Kimberly Braun IV, thea75@example.org,
2026-02-13 08:05:19,
$2y$04$ilYU3IYdxs/8PW.sBpVmt.yUYyD248bXEq5k9sOmBeRayJWak.oua, tsAJe8r0RJ,
2026-02-13 08:05:19, 2026-02-13 08:05:19))
  .output.txt:262:  at
vendor\laravel\framework\src\Illuminate\Database\Connection.php:578
  .output.txt:263:    574â–•             if ($this->pretending()) {
  .output.txt:264:    575â–•                 return true;
  .output.txt:265:    576â–•             }
  .output.txt:266:    577â–•
  .output.txt:267:  âžœ 578â–•             $statement =
$this->getPdo()->prepare($query);
  .output.txt:268:    579â–•
  .output.txt:269:    580â–•             $this->bindValues($statement,
$this->prepareBindings($bindings));
  .output.txt:270:    581â–•
  .output.txt:273:  2
vendor\laravel\framework\src\Illuminate\Database\Connection.php:827
  .output.txt:274:  â”€â”€â”€â”€â”€â”€â”€â”€â”€â”€â”€â”€â”€â”€â”€â”€â”€â”€â”€â”
€â”€â”€â”€â”€â”€â”€â”€â”€â”€â”€â”€â”€â”€â”€â”€â”€â”€â”€â”€â”€â”€â”€â”€â”€â”€â”€
â”€â”€â”€â”€â”€â”€â”€â”€â”€â”€â”€â”€â”€â”€â”€â”€â”€â”€â”€â”€â”€â”€â”€â”€â”€â”€â
”€â”€â”€â”€
> .output.txt:275:   FAILED  Tests\Feature\ProfileTest > profile information
câ€¦  QueryException
  .output.txt:276:  SQLSTATE[HY000]: General error: 1 table users has no
column named name (Connection: sqlite, Database: :memory:, SQL: insert into
"users" ("name", "email", "email_verified_at", "password", "remember_token",
"updated_at", "created_at") values (Felipe Prosacco, betty59@example.net,
2026-02-13 08:05:19,
$2y$04$ilYU3IYdxs/8PW.sBpVmt.yUYyD248bXEq5k9sOmBeRayJWak.oua, WcPTMlJuOq,
2026-02-13 08:05:19, 2026-02-13 08:05:19))
  .output.txt:277:  at
vendor\laravel\framework\src\Illuminate\Database\Connection.php:578
  .output.txt:278:    574â–•             if ($this->pretending()) {
  .output.txt:279:    575â–•                 return true;
  .output.txt:280:    576â–•             }
  .output.txt:281:    577â–•
  .output.txt:282:  âžœ 578â–•             $statement =
$this->getPdo()->prepare($query);
  .output.txt:283:    579â–•
  .output.txt:284:    580â–•             $this->bindValues($statement,
$this->prepareBindings($bindings));
  .output.txt:285:    581â–•
  .output.txt:288:  2
vendor\laravel\framework\src\Illuminate\Database\Connection.php:827
  .output.txt:289:  â”€â”€â”€â”€â”€â”€â”€â”€â”€â”€â”€â”€â”€â”€â”€â”€â”€â”€â”€â”
€â”€â”€â”€â”€â”€â”€â”€â”€â”€â”€â”€â”€â”€â”€â”€â”€â”€â”€â”€â”€â”€â”€â”€â”€â”€â”€
â”€â”€â”€â”€â”€â”€â”€â”€â”€â”€â”€â”€â”€â”€â”€â”€â”€â”€â”€â”€â”€â”€â”€â”€â”€â”€â
”€â”€â”€â”€
> .output.txt:290:   FAILED  Tests\Feature\ProfileTest > email verification
stâ€¦  QueryException
  .output.txt:291:  SQLSTATE[HY000]: General error: 1 table users has no
column named name (Connection: sqlite, Database: :memory:, SQL: insert into
"users" ("name", "email", "email_verified_at", "password", "remember_token",
"updated_at", "created_at") values (Bulah Gaylord, hbeahan@example.org,
2026-02-13 08:05:19,
$2y$04$ilYU3IYdxs/8PW.sBpVmt.yUYyD248bXEq5k9sOmBeRayJWak.oua, CkloO01fFd,
2026-02-13 08:05:19, 2026-02-13 08:05:19))
  .output.txt:292:  at
vendor\laravel\framework\src\Illuminate\Database\Connection.php:578
  .output.txt:293:    574â–•             if ($this->pretending()) {
  .output.txt:294:    575â–•                 return true;
  .output.txt:295:    576â–•             }
  .output.txt:296:    577â–•
  .output.txt:297:  âžœ 578â–•             $statement =
$this->getPdo()->prepare($query);
  .output.txt:298:    579â–•
  .output.txt:299:    580â–•             $this->bindValues($statement,
$this->prepareBindings($bindings));
  .output.txt:300:    581â–•
  .output.txt:303:  2
vendor\laravel\framework\src\Illuminate\Database\Connection.php:827
  .output.txt:304:  â”€â”€â”€â”€â”€â”€â”€â”€â”€â”€â”€â”€â”€â”€â”€â”€â”€â”€â”€â”
€â”€â”€â”€â”€â”€â”€â”€â”€â”€â”€â”€â”€â”€â”€â”€â”€â”€â”€â”€â”€â”€â”€â”€â”€â”€â”€
â”€â”€â”€â”€â”€â”€â”€â”€â”€â”€â”€â”€â”€â”€â”€â”€â”€â”€â”€â”€â”€â”€â”€â”€â”€â”€â
”€â”€â”€â”€
> .output.txt:305:   FAILED  Tests\Feature\ProfileTest > user can delete
theirâ€¦  QueryException
  .output.txt:306:  SQLSTATE[HY000]: General error: 1 table users has no
column named name (Connection: sqlite, Database: :memory:, SQL: insert into
"users" ("name", "email", "email_verified_at", "password", "remember_token",
"updated_at", "created_at") values (Gilberto Jones,
gislason.mercedes@example.net, 2026-02-13 08:05:19,
$2y$04$ilYU3IYdxs/8PW.sBpVmt.yUYyD248bXEq5k9sOmBeRayJWak.oua, S15QTAbHzn,
2026-02-13 08:05:19, 2026-02-13 08:05:19))
  .output.txt:307:  at
vendor\laravel\framework\src\Illuminate\Database\Connection.php:578
  .output.txt:308:    574â–•             if ($this->pretending()) {
  .output.txt:309:    575â–•                 return true;
  .output.txt:310:    576â–•             }
  .output.txt:311:    577â–•
  .output.txt:312:  âžœ 578â–•             $statement =
$this->getPdo()->prepare($query);
  .output.txt:313:    579â–•
  .output.txt:314:    580â–•             $this->bindValues($statement,
$this->prepareBindings($bindings));
  .output.txt:315:    581â–•
  .output.txt:318:  2
vendor\laravel\framework\src\Illuminate\Database\Connection.php:827
  .output.txt:319:  â”€â”€â”€â”€â”€â”€â”€â”€â”€â”€â”€â”€â”€â”€â”€â”€â”€â”€â”€â”
€â”€â”€â”€â”€â”€â”€â”€â”€â”€â”€â”€â”€â”€â”€â”€â”€â”€â”€â”€â”€â”€â”€â”€â”€â”€â”€
â”€â”€â”€â”€â”€â”€â”€â”€â”€â”€â”€â”€â”€â”€â”€â”€â”€â”€â”€â”€â”€â”€â”€â”€â”€â”€â
”€â”€â”€â”€
> .output.txt:320:   FAILED  Tests\Feature\ProfileTest > correct password
mustâ€¦  QueryException
  .output.txt:321:  SQLSTATE[HY000]: General error: 1 table users has no
column named name (Connection: sqlite, Database: :memory:, SQL: insert into
"users" ("name", "email", "email_verified_at", "password", "remember_token",
"updated_at", "created_at") values (Mr. Tremayne Bogisich,
xmueller@example.org, 2026-02-13 08:05:19,
$2y$04$ilYU3IYdxs/8PW.sBpVmt.yUYyD248bXEq5k9sOmBeRayJWak.oua, luygy93gPo,
2026-02-13 08:05:19, 2026-02-13 08:05:19))
  .output.txt:322:  at
vendor\laravel\framework\src\Illuminate\Database\Connection.php:578
  .output.txt:323:    574â–•             if ($this->pretending()) {
  .output.txt:324:    575â–•                 return true;
  .output.txt:325:    576â–•             }
  .output.txt:326:    577â–•
  .output.txt:327:  âžœ 578â–•             $statement =
$this->getPdo()->prepare($query);
  .output.txt:328:    579â–•
  .output.txt:329:    580â–•             $this->bindValues($statement,
$this->prepareBindings($bindings));
  .output.txt:330:    581â–•
  .output.txt:332:  1
vendor\laravel\framework\src\Illuminate\Database\Connection.php:578
  .output.txt:333:  2
vendor\laravel\framework\src\Illuminate\Database\Connection.php:827
> .output.txt:334:  Tests:    20 failed, 5 passed (6 assertions)
  .output.txt:335:  Duration: 4.58s
